Compilazione avviata 20/11/2015 12:17:16.
     1>Progetto "C:\Users\Istin\Documents\Foundation of Computer Graphics\HW04\out (4)\animate.vcxproj" sul nodo 2 (destinazioni: Build).
     1>ClCompile:
         C:\Program Files (x86)\Microsoft Visual Studio 12.0\VC\bin\CL.exe /c /Iext/w32/include /Zi /nologo /W3 /WX- /Ox /Oi /Oy- /GL /D WIN32 /D NDEBUG /D _CONSOLE /D _LIB /D _UNICODE /D UNICODE /Gm- /EHsc /MD /GS- /Gy /fp:precise /Za /Zc:wchar_t /Zc:forScope /Fo"build\Release\\" /Fd"build\Release\vc120.pdb" /Gd /TP /analyze- /errorReport:prompt src\animate.cpp src\animation.cpp src\image.cpp src\json.cpp src\lodepng.cpp src\scene.cpp src\tesselation.cpp
         animate.cpp
     1>c:\users\istin\documents\foundation of computer graphics\hw04\out (4)\src\common.h(29): warning C4996: 'vsprintf': This function or variable may be unsafe. Consider using vsprintf_s instead. To disable deprecation, use _CRT_SECURE_NO_WARNINGS. See online help for details.
                 C:\Program Files (x86)\Microsoft Visual Studio 12.0\VC\include\stdio.h(356): vedere la dichiarazione di 'vsprintf'
     1>c:\users\istin\documents\foundation of computer graphics\hw04\out (4)\src\common.h(59): warning C4996: 'fopen': This function or variable may be unsafe. Consider using fopen_s instead. To disable deprecation, use _CRT_SECURE_NO_WARNINGS. See online help for details.
                 C:\Program Files (x86)\Microsoft Visual Studio 12.0\VC\include\stdio.h(211): vedere la dichiarazione di 'fopen'
     1>c:\users\istin\documents\foundation of computer graphics\hw04\out (4)\src\common.h(60): warning C4800: 'FILE *': imposto valore booleano 'true' o 'false' (avviso di prestazioni)
     1>c:\users\istin\documents\foundation of computer graphics\hw04\out (4)\src\scene.h(159): warning C4305: 'argomento': troncamento da 'double' a 'float'
     1>c:\users\istin\documents\foundation of computer graphics\hw04\out (4)\src\scene.h(161): warning C4305: 'argomento': troncamento da 'double' a 'float'
     1>src\animate.cpp(190): warning C4305: 'argomento': troncamento da 'double' a 'float'
     1>src\animate.cpp(194): warning C4305: 'argomento': troncamento da 'double' a 'float'
     1>src\animate.cpp(269): warning C4800: 'int': imposto valore booleano 'true' o 'false' (avviso di prestazioni)
     1>src\animate.cpp(278): warning C4800: 'GLFWwindow *': imposto valore booleano 'true' o 'false' (avviso di prestazioni)
     1>src\animate.cpp(333): warning C4244: 'argomento': conversione da 'double' a 'float'. Possibile perdita di dati.
     1>src\animate.cpp(372): warning C4244: '=': conversione da 'float' a 'int'. Possibile perdita di dati.
         animation.cpp
     1>c:\users\istin\documents\foundation of computer graphics\hw04\out (4)\src\common.h(29): warning C4996: 'vsprintf': This function or variable may be unsafe. Consider using vsprintf_s instead. To disable deprecation, use _CRT_SECURE_NO_WARNINGS. See online help for details.
                 C:\Program Files (x86)\Microsoft Visual Studio 12.0\VC\include\stdio.h(356): vedere la dichiarazione di 'vsprintf'
     1>c:\users\istin\documents\foundation of computer graphics\hw04\out (4)\src\common.h(59): warning C4996: 'fopen': This function or variable may be unsafe. Consider using fopen_s instead. To disable deprecation, use _CRT_SECURE_NO_WARNINGS. See online help for details.
                 C:\Program Files (x86)\Microsoft Visual Studio 12.0\VC\include\stdio.h(211): vedere la dichiarazione di 'fopen'
     1>c:\users\istin\documents\foundation of computer graphics\hw04\out (4)\src\common.h(60): warning C4800: 'FILE *': imposto valore booleano 'true' o 'false' (avviso di prestazioni)
     1>c:\users\istin\documents\foundation of computer graphics\hw04\out (4)\src\scene.h(159): warning C4305: 'argomento': troncamento da 'double' a 'float'
     1>c:\users\istin\documents\foundation of computer graphics\hw04\out (4)\src\scene.h(161): warning C4305: 'argomento': troncamento da 'double' a 'float'
         image.cpp
     1>c:\users\istin\documents\foundation of computer graphics\hw04\out (4)\src\common.h(29): warning C4996: 'vsprintf': This function or variable may be unsafe. Consider using vsprintf_s instead. To disable deprecation, use _CRT_SECURE_NO_WARNINGS. See online help for details.
                 C:\Program Files (x86)\Microsoft Visual Studio 12.0\VC\include\stdio.h(356): vedere la dichiarazione di 'vsprintf'
     1>c:\users\istin\documents\foundation of computer graphics\hw04\out (4)\src\common.h(59): warning C4996: 'fopen': This function or variable may be unsafe. Consider using fopen_s instead. To disable deprecation, use _CRT_SECURE_NO_WARNINGS. See online help for details.
                 C:\Program Files (x86)\Microsoft Visual Studio 12.0\VC\include\stdio.h(211): vedere la dichiarazione di 'fopen'
     1>c:\users\istin\documents\foundation of computer graphics\hw04\out (4)\src\common.h(60): warning C4800: 'FILE *': imposto valore booleano 'true' o 'false' (avviso di prestazioni)
     1>src\image.cpp(10): warning C4996: 'fopen': This function or variable may be unsafe. Consider using fopen_s instead. To disable deprecation, use _CRT_SECURE_NO_WARNINGS. See online help for details.
                 C:\Program Files (x86)\Microsoft Visual Studio 12.0\VC\include\stdio.h(211): vedere la dichiarazione di 'fopen'
     1>src\image.cpp(18): warning C4996: 'fscanf': This function or variable may be unsafe. Consider using fscanf_s instead. To disable deprecation, use _CRT_SECURE_NO_WARNINGS. See online help for details.
                 C:\Program Files (x86)\Microsoft Visual Studio 12.0\VC\include\stdio.h(230): vedere la dichiarazione di 'fscanf'
     1>src\image.cpp(29): warning C4996: 'fscanf': This function or variable may be unsafe. Consider using fscanf_s instead. To disable deprecation, use _CRT_SECURE_NO_WARNINGS. See online help for details.
                 C:\Program Files (x86)\Microsoft Visual Studio 12.0\VC\include\stdio.h(230): vedere la dichiarazione di 'fscanf'
     1>src\image.cpp(33): warning C4996: 'fscanf': This function or variable may be unsafe. Consider using fscanf_s instead. To disable deprecation, use _CRT_SECURE_NO_WARNINGS. See online help for details.
                 C:\Program Files (x86)\Microsoft Visual Studio 12.0\VC\include\stdio.h(230): vedere la dichiarazione di 'fscanf'
     1>src\image.cpp(43): warning C4996: 'fscanf': This function or variable may be unsafe. Consider using fscanf_s instead. To disable deprecation, use _CRT_SECURE_NO_WARNINGS. See online help for details.
                 C:\Program Files (x86)\Microsoft Visual Studio 12.0\VC\include\stdio.h(230): vedere la dichiarazione di 'fscanf'
     1>src\image.cpp(51): warning C4996: 'sscanf': This function or variable may be unsafe. Consider using sscanf_s instead. To disable deprecation, use _CRT_SECURE_NO_WARNINGS. See online help for details.
                 C:\Program Files (x86)\Microsoft Visual Studio 12.0\VC\include\stdio.h(304): vedere la dichiarazione di 'sscanf'
     1>src\image.cpp(96): warning C4996: 'fopen': This function or variable may be unsafe. Consider using fopen_s instead. To disable deprecation, use _CRT_SECURE_NO_WARNINGS. See online help for details.
                 C:\Program Files (x86)\Microsoft Visual Studio 12.0\VC\include\stdio.h(211): vedere la dichiarazione di 'fopen'
     1>src\image.cpp(155): warning C4018: '<': errata corrispondenza tra signed e unsigned
         json.cpp
     1>c:\users\istin\documents\foundation of computer graphics\hw04\out (4)\src\common.h(29): warning C4996: 'vsprintf': This function or variable may be unsafe. Consider using vsprintf_s instead. To disable deprecation, use _CRT_SECURE_NO_WARNINGS. See online help for details.
                 C:\Program Files (x86)\Microsoft Visual Studio 12.0\VC\include\stdio.h(356): vedere la dichiarazione di 'vsprintf'
     1>c:\users\istin\documents\foundation of computer graphics\hw04\out (4)\src\common.h(59): warning C4996: 'fopen': This function or variable may be unsafe. Consider using fopen_s instead. To disable deprecation, use _CRT_SECURE_NO_WARNINGS. See online help for details.
                 C:\Program Files (x86)\Microsoft Visual Studio 12.0\VC\include\stdio.h(211): vedere la dichiarazione di 'fopen'
     1>c:\users\istin\documents\foundation of computer graphics\hw04\out (4)\src\common.h(60): warning C4800: 'FILE *': imposto valore booleano 'true' o 'false' (avviso di prestazioni)
     1>src\json.cpp(90): warning C4101: 'e': variabile locale senza riferimenti
         lodepng.cpp
     1>src\lodepng.cpp(381): warning C4996: 'fopen': This function or variable may be unsafe. Consider using fopen_s instead. To disable deprecation, use _CRT_SECURE_NO_WARNINGS. See online help for details.
                 C:\Program Files (x86)\Microsoft Visual Studio 12.0\VC\include\stdio.h(211): vedere la dichiarazione di 'fopen'
     1>src\lodepng.cpp(403): warning C4996: 'fopen': This function or variable may be unsafe. Consider using fopen_s instead. To disable deprecation, use _CRT_SECURE_NO_WARNINGS. See online help for details.
                 C:\Program Files (x86)\Microsoft Visual Studio 12.0\VC\include\stdio.h(211): vedere la dichiarazione di 'fopen'
     1>src\lodepng.cpp(3463): warning C4244: 'argomento': conversione da 'unsigned short' a 'unsigned char'. Possibile perdita di dati.
     1>src\lodepng.cpp(3471): warning C4244: 'argomento': conversione da 'unsigned short' a 'unsigned char'. Possibile perdita di dati.
     1>src\lodepng.cpp(3473): warning C4244: 'argomento': conversione da 'unsigned short' a 'unsigned char'. Possibile perdita di dati.
     1>src\lodepng.cpp(3478): warning C4244: '=': conversione da 'unsigned short' a 'unsigned char'. Possibile perdita di dati.
     1>src\lodepng.cpp(3479): warning C4244: '=': conversione da 'unsigned short' a 'unsigned char'. Possibile perdita di dati.
     1>src\lodepng.cpp(3480): warning C4244: '=': conversione da 'unsigned short' a 'unsigned char'. Possibile perdita di dati.
     1>src\lodepng.cpp(3481): warning C4244: '=': conversione da 'unsigned short' a 'unsigned char'. Possibile perdita di dati.
         scene.cpp
     1>c:\users\istin\documents\foundation of computer graphics\hw04\out (4)\src\common.h(29): warning C4996: 'vsprintf': This function or variable may be unsafe. Consider using vsprintf_s instead. To disable deprecation, use _CRT_SECURE_NO_WARNINGS. See online help for details.
                 C:\Program Files (x86)\Microsoft Visual Studio 12.0\VC\include\stdio.h(356): vedere la dichiarazione di 'vsprintf'
     1>c:\users\istin\documents\foundation of computer graphics\hw04\out (4)\src\common.h(59): warning C4996: 'fopen': This function or variable may be unsafe. Consider using fopen_s instead. To disable deprecation, use _CRT_SECURE_NO_WARNINGS. See online help for details.
                 C:\Program Files (x86)\Microsoft Visual Studio 12.0\VC\include\stdio.h(211): vedere la dichiarazione di 'fopen'
     1>c:\users\istin\documents\foundation of computer graphics\hw04\out (4)\src\common.h(60): warning C4800: 'FILE *': imposto valore booleano 'true' o 'false' (avviso di prestazioni)
     1>c:\users\istin\documents\foundation of computer graphics\hw04\out (4)\src\scene.h(159): warning C4305: 'argomento': troncamento da 'double' a 'float'
     1>c:\users\istin\documents\foundation of computer graphics\hw04\out (4)\src\scene.h(161): warning C4305: 'argomento': troncamento da 'double' a 'float'
     1>src\scene.cpp(61): warning C4244: '=': conversione da 'double' a 'float'. Possibile perdita di dati.
     1>src\scene.cpp(150): warning C4305: 'argomento': troncamento da 'double' a 'float'
         tesselation.cpp
     1>c:\users\istin\documents\foundation of computer graphics\hw04\out (4)\src\common.h(29): warning C4996: 'vsprintf': This function or variable may be unsafe. Consider using vsprintf_s instead. To disable deprecation, use _CRT_SECURE_NO_WARNINGS. See online help for details.
                 C:\Program Files (x86)\Microsoft Visual Studio 12.0\VC\include\stdio.h(356): vedere la dichiarazione di 'vsprintf'
     1>c:\users\istin\documents\foundation of computer graphics\hw04\out (4)\src\common.h(59): warning C4996: 'fopen': This function or variable may be unsafe. Consider using fopen_s instead. To disable deprecation, use _CRT_SECURE_NO_WARNINGS. See online help for details.
                 C:\Program Files (x86)\Microsoft Visual Studio 12.0\VC\include\stdio.h(211): vedere la dichiarazione di 'fopen'
     1>c:\users\istin\documents\foundation of computer graphics\hw04\out (4)\src\common.h(60): warning C4800: 'FILE *': imposto valore booleano 'true' o 'false' (avviso di prestazioni)
     1>c:\users\istin\documents\foundation of computer graphics\hw04\out (4)\src\scene.h(159): warning C4305: 'argomento': troncamento da 'double' a 'float'
     1>c:\users\istin\documents\foundation of computer graphics\hw04\out (4)\src\scene.h(161): warning C4305: 'argomento': troncamento da 'double' a 'float'
     1>src\tesselation.cpp(151): warning C4244: 'argomento': conversione da 'int' a 'float'. Possibile perdita di dati.
       Link:
         C:\Program Files (x86)\Microsoft Visual Studio 12.0\VC\bin\link.exe /ERRORREPORT:PROMPT /OUT:"bin\Release\animate.exe" /INCREMENTAL:NO /NOLOGO /LIBPATH:ext/w32/lib glew32s.lib glfw3.lib opengl32.lib kernel32.lib user32.lib gdi32.lib winspool.lib comdlg32.lib advapi32.lib shell32.lib ole32.lib oleaut32.lib uuid.lib odbc32.lib odbccp32.lib kernel32.lib user32.lib gdi32.lib winspool.lib comdlg32.lib advapi32.lib shell32.lib ole32.lib oleaut32.lib uuid.lib odbc32.lib odbccp32.lib /MANIFEST /MANIFESTUAC:"level='asInvoker' uiAccess='false'" /manifest:embed /DEBUG /PDB:"bin\Release\animate.pdb" /SUBSYSTEM:CONSOLE /OPT:REF /OPT:ICF /LTCG /TLBID:1 /DYNAMICBASE /NXCOMPAT /IMPLIB:"bin\Release\animate.lib" /MACHINE:X86 /SAFESEH build\Release\animate.obj
         build\Release\animation.obj
         build\Release\image.obj
         build\Release\json.obj
         build\Release\lodepng.obj
         build\Release\scene.obj
         build\Release\tesselation.obj
     1>LINK : warning LNK4098: la libreria predefinita 'LIBCMT' è in conflitto con l'utilizzo di altre librerie; utilizzare /NODEFAULTLIB:libreria
         Generazione codice in corso...
         Generazione codice terminata
     1>glew32s.lib(glew.obj) : warning LNK4099: impossibile trovare il PDB 'vc100.pdb' con 'glew32s.lib(glew.obj)' o in 'C:\Users\Istin\Documents\Foundation of Computer Graphics\HW04\out (4)\bin\Release\vc100.pdb'; oggetto collegato senza informazioni di debug
         animate.vcxproj -> C:\Users\Istin\Documents\Foundation of Computer Graphics\HW04\out (4)\bin\Release\animate.exe
     1>Compilazione progetto "C:\Users\Istin\Documents\Foundation of Computer Graphics\HW04\out (4)\animate.vcxproj" (destinazioni: Build) completata.

Compilazione completata.

Tempo trascorso 00:00:09.86
